[2022-06-02 10:01:36,460] {taskinstance.py:826} INFO - Dependencies all met for <TaskInstance: YFinance_Crawler_DAG.CopyFromLocal 2022-06-02T10:01:24.668951+00:00 [queued]>
[2022-06-02 10:01:36,493] {taskinstance.py:826} INFO - Dependencies all met for <TaskInstance: YFinance_Crawler_DAG.CopyFromLocal 2022-06-02T10:01:24.668951+00:00 [queued]>
[2022-06-02 10:01:36,493] {taskinstance.py:1017} INFO - 
--------------------------------------------------------------------------------
[2022-06-02 10:01:36,493] {taskinstance.py:1018} INFO - Starting attempt 1 of 1
[2022-06-02 10:01:36,493] {taskinstance.py:1019} INFO - 
--------------------------------------------------------------------------------
[2022-06-02 10:01:36,528] {taskinstance.py:1038} INFO - Executing <Task(BashOperator): CopyFromLocal> on 2022-06-02T10:01:24.668951+00:00
[2022-06-02 10:01:36,531] {standard_task_runner.py:51} INFO - Started process 3362 to run task
[2022-06-02 10:01:36,536] {standard_task_runner.py:75} INFO - Running: ['airflow', 'tasks', 'run', 'YFinance_Crawler_DAG', 'CopyFromLocal', '2022-06-02T10:01:24.668951+00:00', '--job-id', '132', '--pool', 'default_pool', '--raw', '--subdir', 'DAGS_FOLDER/Crawler.py', '--cfg-path', '/tmp/tmpnn5ark_o']
[2022-06-02 10:01:36,536] {standard_task_runner.py:76} INFO - Job 132: Subtask CopyFromLocal
[2022-06-02 10:01:36,679] {logging_mixin.py:103} INFO - Running <TaskInstance: YFinance_Crawler_DAG.CopyFromLocal 2022-06-02T10:01:24.668951+00:00 [running]> on host slave03
[2022-06-02 10:01:36,812] {taskinstance.py:1232} INFO - Exporting the following env vars:
AIRFLOW_CTX_DAG_OWNER=airflow
AIRFLOW_CTX_DAG_ID=YFinance_Crawler_DAG
AIRFLOW_CTX_TASK_ID=CopyFromLocal
AIRFLOW_CTX_EXECUTION_DATE=2022-06-02T10:01:24.668951+00:00
AIRFLOW_CTX_DAG_RUN_ID=manual__2022-06-02T10:01:24.668951+00:00
[2022-06-02 10:01:36,813] {bash.py:135} INFO - Tmp dir root location: 
 /tmp
[2022-06-02 10:01:36,813] {bash.py:158} INFO - Running command: hdfs dfs -put -t 4 /opt/flume/current/output /user/hadoop/flume/ticker_csv
[2022-06-02 10:01:36,821] {bash.py:169} INFO - Output:
[2022-06-02 10:01:40,455] {bash.py:177} INFO - Command exited with return code 0
[2022-06-02 10:01:40,545] {taskinstance.py:1142} INFO - Marking task as SUCCESS. dag_id=YFinance_Crawler_DAG, task_id=CopyFromLocal, execution_date=20220602T100124, start_date=20220602T100136, end_date=20220602T100140
[2022-06-02 10:01:40,621] {taskinstance.py:1195} INFO - 0 downstream tasks scheduled from follow-on schedule check
[2022-06-02 10:01:40,656] {local_task_job.py:118} INFO - Task exited with return code 0
