[2022-05-31 10:56:32,708] {taskinstance.py:826} INFO - Dependencies all met for <TaskInstance: tutorial.templated 2022-05-31T10:56:28.424442+00:00 [queued]>
[2022-05-31 10:56:32,733] {taskinstance.py:826} INFO - Dependencies all met for <TaskInstance: tutorial.templated 2022-05-31T10:56:28.424442+00:00 [queued]>
[2022-05-31 10:56:32,733] {taskinstance.py:1017} INFO - 
--------------------------------------------------------------------------------
[2022-05-31 10:56:32,733] {taskinstance.py:1018} INFO - Starting attempt 1 of 2
[2022-05-31 10:56:32,733] {taskinstance.py:1019} INFO - 
--------------------------------------------------------------------------------
[2022-05-31 10:56:32,799] {taskinstance.py:1038} INFO - Executing <Task(BashOperator): templated> on 2022-05-31T10:56:28.424442+00:00
[2022-05-31 10:56:32,804] {standard_task_runner.py:51} INFO - Started process 11847 to run task
[2022-05-31 10:56:32,808] {standard_task_runner.py:75} INFO - Running: ['airflow', 'tasks', 'run', 'tutorial', 'templated', '2022-05-31T10:56:28.424442+00:00', '--job-id', '19', '--pool', 'default_pool', '--raw', '--subdir', '/usr/local/lib/python3.6/site-packages/airflow/example_dags/tutorial.py', '--cfg-path', '/tmp/tmpzv89yf0d']
[2022-05-31 10:56:32,809] {standard_task_runner.py:76} INFO - Job 19: Subtask templated
[2022-05-31 10:56:32,962] {logging_mixin.py:103} INFO - Running <TaskInstance: tutorial.templated 2022-05-31T10:56:28.424442+00:00 [running]> on host slave01
[2022-05-31 10:56:33,098] {taskinstance.py:1232} INFO - Exporting the following env vars:
AIRFLOW_CTX_DAG_EMAIL=airflow@example.com
AIRFLOW_CTX_DAG_OWNER=airflow
AIRFLOW_CTX_DAG_ID=tutorial
AIRFLOW_CTX_TASK_ID=templated
AIRFLOW_CTX_EXECUTION_DATE=2022-05-31T10:56:28.424442+00:00
AIRFLOW_CTX_DAG_RUN_ID=manual__2022-05-31T10:56:28.424442+00:00
[2022-05-31 10:56:33,098] {bash.py:135} INFO - Tmp dir root location: 
 /tmp
[2022-05-31 10:56:33,099] {bash.py:158} INFO - Running command: 

    echo "2022-05-31"
    echo "2022-06-07"
    echo "Parameter I passed in"

    echo "2022-05-31"
    echo "2022-06-07"
    echo "Parameter I passed in"

    echo "2022-05-31"
    echo "2022-06-07"
    echo "Parameter I passed in"

    echo "2022-05-31"
    echo "2022-06-07"
    echo "Parameter I passed in"

    echo "2022-05-31"
    echo "2022-06-07"
    echo "Parameter I passed in"

[2022-05-31 10:56:33,107] {bash.py:169} INFO - Output:
[2022-05-31 10:56:33,110] {bash.py:173} INFO - 2022-05-31
[2022-05-31 10:56:33,110] {bash.py:173} INFO - 2022-06-07
[2022-05-31 10:56:33,110] {bash.py:173} INFO - Parameter I passed in
[2022-05-31 10:56:33,110] {bash.py:173} INFO - 2022-05-31
[2022-05-31 10:56:33,110] {bash.py:173} INFO - 2022-06-07
[2022-05-31 10:56:33,110] {bash.py:173} INFO - Parameter I passed in
[2022-05-31 10:56:33,110] {bash.py:173} INFO - 2022-05-31
[2022-05-31 10:56:33,110] {bash.py:173} INFO - 2022-06-07
[2022-05-31 10:56:33,110] {bash.py:173} INFO - Parameter I passed in
[2022-05-31 10:56:33,110] {bash.py:173} INFO - 2022-05-31
[2022-05-31 10:56:33,111] {bash.py:173} INFO - 2022-06-07
[2022-05-31 10:56:33,111] {bash.py:173} INFO - Parameter I passed in
[2022-05-31 10:56:33,111] {bash.py:173} INFO - 2022-05-31
[2022-05-31 10:56:33,111] {bash.py:173} INFO - 2022-06-07
[2022-05-31 10:56:33,111] {bash.py:173} INFO - Parameter I passed in
[2022-05-31 10:56:33,111] {bash.py:177} INFO - Command exited with return code 0
[2022-05-31 10:56:33,192] {taskinstance.py:1142} INFO - Marking task as SUCCESS. dag_id=tutorial, task_id=templated, execution_date=20220531T105628, start_date=20220531T105632, end_date=20220531T105633
[2022-05-31 10:56:33,277] {taskinstance.py:1195} INFO - 0 downstream tasks scheduled from follow-on schedule check
[2022-05-31 10:56:33,302] {local_task_job.py:118} INFO - Task exited with return code 0
