[2022-06-01 05:30:25,978] {taskinstance.py:826} INFO - Dependencies all met for <TaskInstance: ClusterStartUp.hsstart02 2022-06-01T05:29:13.040634+00:00 [queued]>
[2022-06-01 05:30:26,023] {taskinstance.py:826} INFO - Dependencies all met for <TaskInstance: ClusterStartUp.hsstart02 2022-06-01T05:29:13.040634+00:00 [queued]>
[2022-06-01 05:30:26,023] {taskinstance.py:1017} INFO - 
--------------------------------------------------------------------------------
[2022-06-01 05:30:26,023] {taskinstance.py:1018} INFO - Starting attempt 1 of 1
[2022-06-01 05:30:26,023] {taskinstance.py:1019} INFO - 
--------------------------------------------------------------------------------
[2022-06-01 05:30:26,053] {taskinstance.py:1038} INFO - Executing <Task(BashOperator): hsstart02> on 2022-06-01T05:29:13.040634+00:00
[2022-06-01 05:30:26,056] {standard_task_runner.py:51} INFO - Started process 254 to run task
[2022-06-01 05:30:26,060] {standard_task_runner.py:75} INFO - Running: ['airflow', 'tasks', 'run', 'ClusterStartUp', 'hsstart02', '2022-06-01T05:29:13.040634+00:00', '--job-id', '73', '--pool', 'default_pool', '--raw', '--subdir', 'DAGS_FOLDER/ClusterStartUp.py', '--cfg-path', '/tmp/tmp7we55zhw']
[2022-06-01 05:30:26,060] {standard_task_runner.py:76} INFO - Job 73: Subtask hsstart02
[2022-06-01 05:30:26,216] {logging_mixin.py:103} INFO - Running <TaskInstance: ClusterStartUp.hsstart02 2022-06-01T05:29:13.040634+00:00 [running]> on host master02
[2022-06-01 05:30:26,355] {taskinstance.py:1232} INFO - Exporting the following env vars:
AIRFLOW_CTX_DAG_OWNER=airflow
AIRFLOW_CTX_DAG_ID=ClusterStartUp
AIRFLOW_CTX_TASK_ID=hsstart02
AIRFLOW_CTX_EXECUTION_DATE=2022-06-01T05:29:13.040634+00:00
AIRFLOW_CTX_DAG_RUN_ID=manual__2022-06-01T05:29:13.040634+00:00
[2022-06-01 05:30:26,355] {bash.py:135} INFO - Tmp dir root location: 
 /tmp
[2022-06-01 05:30:26,356] {bash.py:158} INFO - Running command: $HADOOP_HOME/bin/mapred --daemon start historyserver
[2022-06-01 05:30:26,361] {bash.py:169} INFO - Output:
[2022-06-01 05:30:28,463] {bash.py:177} INFO - Command exited with return code 0
[2022-06-01 05:30:28,586] {taskinstance.py:1142} INFO - Marking task as SUCCESS. dag_id=ClusterStartUp, task_id=hsstart02, execution_date=20220601T052913, start_date=20220601T053025, end_date=20220601T053028
[2022-06-01 05:30:28,679] {taskinstance.py:1195} INFO - 0 downstream tasks scheduled from follow-on schedule check
[2022-06-01 05:30:28,696] {local_task_job.py:118} INFO - Task exited with return code 0
