[2022-06-02 09:49:31,536] {taskinstance.py:826} INFO - Dependencies all met for <TaskInstance: YFinance_Crawler_DAG.AAPL2files 2022-06-02T09:49:29.497219+00:00 [queued]>
[2022-06-02 09:49:31,573] {taskinstance.py:826} INFO - Dependencies all met for <TaskInstance: YFinance_Crawler_DAG.AAPL2files 2022-06-02T09:49:29.497219+00:00 [queued]>
[2022-06-02 09:49:31,573] {taskinstance.py:1017} INFO - 
--------------------------------------------------------------------------------
[2022-06-02 09:49:31,573] {taskinstance.py:1018} INFO - Starting attempt 1 of 1
[2022-06-02 09:49:31,573] {taskinstance.py:1019} INFO - 
--------------------------------------------------------------------------------
[2022-06-02 09:49:31,591] {taskinstance.py:1038} INFO - Executing <Task(PythonOperator): AAPL2files> on 2022-06-02T09:49:29.497219+00:00
[2022-06-02 09:49:31,595] {standard_task_runner.py:51} INFO - Started process 2788 to run task
[2022-06-02 09:49:31,599] {standard_task_runner.py:75} INFO - Running: ['airflow', 'tasks', 'run', 'YFinance_Crawler_DAG', 'AAPL2files', '2022-06-02T09:49:29.497219+00:00', '--job-id', '129', '--pool', 'default_pool', '--raw', '--subdir', 'DAGS_FOLDER/Crawler.py', '--cfg-path', '/tmp/tmp7l9m5px6']
[2022-06-02 09:49:31,600] {standard_task_runner.py:76} INFO - Job 129: Subtask AAPL2files
[2022-06-02 09:49:31,731] {logging_mixin.py:103} INFO - Running <TaskInstance: YFinance_Crawler_DAG.AAPL2files 2022-06-02T09:49:29.497219+00:00 [running]> on host slave03
[2022-06-02 09:49:31,858] {taskinstance.py:1232} INFO - Exporting the following env vars:
AIRFLOW_CTX_DAG_OWNER=airflow
AIRFLOW_CTX_DAG_ID=YFinance_Crawler_DAG
AIRFLOW_CTX_TASK_ID=AAPL2files
AIRFLOW_CTX_EXECUTION_DATE=2022-06-02T09:49:29.497219+00:00
AIRFLOW_CTX_DAG_RUN_ID=manual__2022-06-02T09:49:29.497219+00:00
[2022-06-02 09:49:41,074] {python.py:118} INFO - Done. Returned value was: None
[2022-06-02 09:49:41,099] {taskinstance.py:1142} INFO - Marking task as SUCCESS. dag_id=YFinance_Crawler_DAG, task_id=AAPL2files, execution_date=20220602T094929, start_date=20220602T094931, end_date=20220602T094941
[2022-06-02 09:49:41,172] {taskinstance.py:1195} INFO - 1 downstream tasks scheduled from follow-on schedule check
[2022-06-02 09:49:41,205] {local_task_job.py:118} INFO - Task exited with return code 0
