[2022-05-31 10:46:57,508] {taskinstance.py:826} INFO - Dependencies all met for <TaskInstance: tutorial.sleep 2022-05-31T10:46:54.453010+00:00 [queued]>
[2022-05-31 10:46:57,544] {taskinstance.py:826} INFO - Dependencies all met for <TaskInstance: tutorial.sleep 2022-05-31T10:46:54.453010+00:00 [queued]>
[2022-05-31 10:46:57,544] {taskinstance.py:1017} INFO - 
--------------------------------------------------------------------------------
[2022-05-31 10:46:57,544] {taskinstance.py:1018} INFO - Starting attempt 1 of 4
[2022-05-31 10:46:57,544] {taskinstance.py:1019} INFO - 
--------------------------------------------------------------------------------
[2022-05-31 10:46:57,593] {taskinstance.py:1038} INFO - Executing <Task(BashOperator): sleep> on 2022-05-31T10:46:54.453010+00:00
[2022-05-31 10:46:57,596] {standard_task_runner.py:51} INFO - Started process 6069 to run task
[2022-05-31 10:46:57,603] {standard_task_runner.py:75} INFO - Running: ['airflow', 'tasks', 'run', 'tutorial', 'sleep', '2022-05-31T10:46:54.453010+00:00', '--job-id', '16', '--pool', 'default_pool', '--raw', '--subdir', '/usr/local/lib/python3.6/site-packages/airflow/example_dags/tutorial.py', '--cfg-path', '/tmp/tmpy6uek156']
[2022-05-31 10:46:57,604] {standard_task_runner.py:76} INFO - Job 16: Subtask sleep
[2022-05-31 10:46:58,265] {logging_mixin.py:103} INFO - Running <TaskInstance: tutorial.sleep 2022-05-31T10:46:54.453010+00:00 [running]> on host slave01
[2022-05-31 10:46:58,415] {taskinstance.py:1232} INFO - Exporting the following env vars:
AIRFLOW_CTX_DAG_EMAIL=airflow@example.com
AIRFLOW_CTX_DAG_OWNER=airflow
AIRFLOW_CTX_DAG_ID=tutorial
AIRFLOW_CTX_TASK_ID=sleep
AIRFLOW_CTX_EXECUTION_DATE=2022-05-31T10:46:54.453010+00:00
AIRFLOW_CTX_DAG_RUN_ID=manual__2022-05-31T10:46:54.453010+00:00
[2022-05-31 10:46:58,415] {bash.py:135} INFO - Tmp dir root location: 
 /tmp
[2022-05-31 10:46:58,416] {bash.py:158} INFO - Running command: sleep 5
[2022-05-31 10:46:58,425] {bash.py:169} INFO - Output:
[2022-05-31 10:47:03,429] {bash.py:177} INFO - Command exited with return code 0
[2022-05-31 10:47:03,536] {taskinstance.py:1142} INFO - Marking task as SUCCESS. dag_id=tutorial, task_id=sleep, execution_date=20220531T104654, start_date=20220531T104657, end_date=20220531T104703
[2022-05-31 10:47:03,643] {taskinstance.py:1195} INFO - 0 downstream tasks scheduled from follow-on schedule check
[2022-05-31 10:47:03,689] {local_task_job.py:118} INFO - Task exited with return code 0
