[2022-06-02 04:35:50,851] {taskinstance.py:826} INFO - Dependencies all met for <TaskInstance: YFinance_Crawler_DAG.AAPL2files 2022-06-02T04:35:48.402282+00:00 [queued]>
[2022-06-02 04:35:50,903] {taskinstance.py:826} INFO - Dependencies all met for <TaskInstance: YFinance_Crawler_DAG.AAPL2files 2022-06-02T04:35:48.402282+00:00 [queued]>
[2022-06-02 04:35:50,904] {taskinstance.py:1017} INFO - 
--------------------------------------------------------------------------------
[2022-06-02 04:35:50,904] {taskinstance.py:1018} INFO - Starting attempt 1 of 1
[2022-06-02 04:35:50,904] {taskinstance.py:1019} INFO - 
--------------------------------------------------------------------------------
[2022-06-02 04:35:50,929] {taskinstance.py:1038} INFO - Executing <Task(PythonOperator): AAPL2files> on 2022-06-02T04:35:48.402282+00:00
[2022-06-02 04:35:50,932] {standard_task_runner.py:51} INFO - Started process 2254 to run task
[2022-06-02 04:35:50,936] {standard_task_runner.py:75} INFO - Running: ['airflow', 'tasks', 'run', 'YFinance_Crawler_DAG', 'AAPL2files', '2022-06-02T04:35:48.402282+00:00', '--job-id', '112', '--pool', 'default_pool', '--raw', '--subdir', 'DAGS_FOLDER/Crawler.py', '--cfg-path', '/tmp/tmp7apfcy17']
[2022-06-02 04:35:50,936] {standard_task_runner.py:76} INFO - Job 112: Subtask AAPL2files
[2022-06-02 04:35:51,122] {logging_mixin.py:103} INFO - Running <TaskInstance: YFinance_Crawler_DAG.AAPL2files 2022-06-02T04:35:48.402282+00:00 [running]> on host slave03
[2022-06-02 04:35:51,362] {taskinstance.py:1232} INFO - Exporting the following env vars:
AIRFLOW_CTX_DAG_OWNER=airflow
AIRFLOW_CTX_DAG_ID=YFinance_Crawler_DAG
AIRFLOW_CTX_TASK_ID=AAPL2files
AIRFLOW_CTX_EXECUTION_DATE=2022-06-02T04:35:48.402282+00:00
AIRFLOW_CTX_DAG_RUN_ID=manual__2022-06-02T04:35:48.402282+00:00
[2022-06-02 04:35:59,390] {python.py:118} INFO - Done. Returned value was: None
[2022-06-02 04:35:59,496] {taskinstance.py:1142} INFO - Marking task as SUCCESS. dag_id=YFinance_Crawler_DAG, task_id=AAPL2files, execution_date=20220602T043548, start_date=20220602T043550, end_date=20220602T043559
[2022-06-02 04:35:59,712] {taskinstance.py:1195} INFO - 0 downstream tasks scheduled from follow-on schedule check
[2022-06-02 04:35:59,727] {local_task_job.py:118} INFO - Task exited with return code 0
