[2022-06-02 10:13:21,569] {taskinstance.py:826} INFO - Dependencies all met for <TaskInstance: YFinance_Crawler_DAG.CopyFromLocal 2022-06-02T10:13:10.257509+00:00 [queued]>
[2022-06-02 10:13:21,611] {taskinstance.py:826} INFO - Dependencies all met for <TaskInstance: YFinance_Crawler_DAG.CopyFromLocal 2022-06-02T10:13:10.257509+00:00 [queued]>
[2022-06-02 10:13:21,611] {taskinstance.py:1017} INFO - 
--------------------------------------------------------------------------------
[2022-06-02 10:13:21,611] {taskinstance.py:1018} INFO - Starting attempt 1 of 1
[2022-06-02 10:13:21,611] {taskinstance.py:1019} INFO - 
--------------------------------------------------------------------------------
[2022-06-02 10:13:21,628] {taskinstance.py:1038} INFO - Executing <Task(BashOperator): CopyFromLocal> on 2022-06-02T10:13:10.257509+00:00
[2022-06-02 10:13:21,632] {standard_task_runner.py:51} INFO - Started process 3669 to run task
[2022-06-02 10:13:21,636] {standard_task_runner.py:75} INFO - Running: ['airflow', 'tasks', 'run', 'YFinance_Crawler_DAG', 'CopyFromLocal', '2022-06-02T10:13:10.257509+00:00', '--job-id', '138', '--pool', 'default_pool', '--raw', '--subdir', 'DAGS_FOLDER/Crawler.py', '--cfg-path', '/tmp/tmpjx6u_sh6']
[2022-06-02 10:13:21,636] {standard_task_runner.py:76} INFO - Job 138: Subtask CopyFromLocal
[2022-06-02 10:13:21,836] {logging_mixin.py:103} INFO - Running <TaskInstance: YFinance_Crawler_DAG.CopyFromLocal 2022-06-02T10:13:10.257509+00:00 [running]> on host slave03
[2022-06-02 10:13:22,015] {taskinstance.py:1232} INFO - Exporting the following env vars:
AIRFLOW_CTX_DAG_OWNER=airflow
AIRFLOW_CTX_DAG_ID=YFinance_Crawler_DAG
AIRFLOW_CTX_TASK_ID=CopyFromLocal
AIRFLOW_CTX_EXECUTION_DATE=2022-06-02T10:13:10.257509+00:00
AIRFLOW_CTX_DAG_RUN_ID=manual__2022-06-02T10:13:10.257509+00:00
[2022-06-02 10:13:22,016] {bash.py:135} INFO - Tmp dir root location: 
 /tmp
[2022-06-02 10:13:22,017] {bash.py:158} INFO - Running command: hdfs dfs -put -t 4 /opt/flume/current/output /user/hadoop/flume/ticker_csv
[2022-06-02 10:13:22,029] {bash.py:169} INFO - Output:
[2022-06-02 10:13:26,123] {bash.py:177} INFO - Command exited with return code 0
[2022-06-02 10:13:26,240] {taskinstance.py:1142} INFO - Marking task as SUCCESS. dag_id=YFinance_Crawler_DAG, task_id=CopyFromLocal, execution_date=20220602T101310, start_date=20220602T101321, end_date=20220602T101326
[2022-06-02 10:13:26,360] {taskinstance.py:1195} INFO - 1 downstream tasks scheduled from follow-on schedule check
[2022-06-02 10:13:26,405] {local_task_job.py:118} INFO - Task exited with return code 0
