[2022-06-02 10:13:12,542] {taskinstance.py:826} INFO - Dependencies all met for <TaskInstance: YFinance_Crawler_DAG.MSFT2files 2022-06-02T10:13:10.257509+00:00 [queued]>
[2022-06-02 10:13:12,655] {taskinstance.py:826} INFO - Dependencies all met for <TaskInstance: YFinance_Crawler_DAG.MSFT2files 2022-06-02T10:13:10.257509+00:00 [queued]>
[2022-06-02 10:13:12,655] {taskinstance.py:1017} INFO - 
--------------------------------------------------------------------------------
[2022-06-02 10:13:12,655] {taskinstance.py:1018} INFO - Starting attempt 1 of 1
[2022-06-02 10:13:12,655] {taskinstance.py:1019} INFO - 
--------------------------------------------------------------------------------
[2022-06-02 10:13:12,694] {taskinstance.py:1038} INFO - Executing <Task(PythonOperator): MSFT2files> on 2022-06-02T10:13:10.257509+00:00
[2022-06-02 10:13:12,699] {standard_task_runner.py:51} INFO - Started process 3667 to run task
[2022-06-02 10:13:12,704] {standard_task_runner.py:75} INFO - Running: ['airflow', 'tasks', 'run', 'YFinance_Crawler_DAG', 'MSFT2files', '2022-06-02T10:13:10.257509+00:00', '--job-id', '136', '--pool', 'default_pool', '--raw', '--subdir', 'DAGS_FOLDER/Crawler.py', '--cfg-path', '/tmp/tmpzas4nqtg']
[2022-06-02 10:13:12,704] {standard_task_runner.py:76} INFO - Job 136: Subtask MSFT2files
[2022-06-02 10:13:12,938] {logging_mixin.py:103} INFO - Running <TaskInstance: YFinance_Crawler_DAG.MSFT2files 2022-06-02T10:13:10.257509+00:00 [running]> on host slave03
[2022-06-02 10:13:13,251] {taskinstance.py:1232} INFO - Exporting the following env vars:
AIRFLOW_CTX_DAG_OWNER=airflow
AIRFLOW_CTX_DAG_ID=YFinance_Crawler_DAG
AIRFLOW_CTX_TASK_ID=MSFT2files
AIRFLOW_CTX_EXECUTION_DATE=2022-06-02T10:13:10.257509+00:00
AIRFLOW_CTX_DAG_RUN_ID=manual__2022-06-02T10:13:10.257509+00:00
[2022-06-02 10:13:20,171] {python.py:118} INFO - Done. Returned value was: None
[2022-06-02 10:13:20,193] {taskinstance.py:1142} INFO - Marking task as SUCCESS. dag_id=YFinance_Crawler_DAG, task_id=MSFT2files, execution_date=20220602T101310, start_date=20220602T101312, end_date=20220602T101320
[2022-06-02 10:13:20,307] {taskinstance.py:1195} INFO - 0 downstream tasks scheduled from follow-on schedule check
[2022-06-02 10:13:20,328] {local_task_job.py:118} INFO - Task exited with return code 0
