[2022-06-02 10:04:41,690] {taskinstance.py:826} INFO - Dependencies all met for <TaskInstance: YFinance_Crawler_DAG.CopyFromLocal 2022-06-02T10:04:30.999124+00:00 [queued]>
[2022-06-02 10:04:41,729] {taskinstance.py:826} INFO - Dependencies all met for <TaskInstance: YFinance_Crawler_DAG.CopyFromLocal 2022-06-02T10:04:30.999124+00:00 [queued]>
[2022-06-02 10:04:41,730] {taskinstance.py:1017} INFO - 
--------------------------------------------------------------------------------
[2022-06-02 10:04:41,730] {taskinstance.py:1018} INFO - Starting attempt 1 of 1
[2022-06-02 10:04:41,730] {taskinstance.py:1019} INFO - 
--------------------------------------------------------------------------------
[2022-06-02 10:04:41,752] {taskinstance.py:1038} INFO - Executing <Task(BashOperator): CopyFromLocal> on 2022-06-02T10:04:30.999124+00:00
[2022-06-02 10:04:41,755] {standard_task_runner.py:51} INFO - Started process 3516 to run task
[2022-06-02 10:04:41,759] {standard_task_runner.py:75} INFO - Running: ['airflow', 'tasks', 'run', 'YFinance_Crawler_DAG', 'CopyFromLocal', '2022-06-02T10:04:30.999124+00:00', '--job-id', '134', '--pool', 'default_pool', '--raw', '--subdir', 'DAGS_FOLDER/Crawler.py', '--cfg-path', '/tmp/tmp3f3gpz59']
[2022-06-02 10:04:41,760] {standard_task_runner.py:76} INFO - Job 134: Subtask CopyFromLocal
[2022-06-02 10:04:41,896] {logging_mixin.py:103} INFO - Running <TaskInstance: YFinance_Crawler_DAG.CopyFromLocal 2022-06-02T10:04:30.999124+00:00 [running]> on host slave03
[2022-06-02 10:04:42,032] {taskinstance.py:1232} INFO - Exporting the following env vars:
AIRFLOW_CTX_DAG_OWNER=airflow
AIRFLOW_CTX_DAG_ID=YFinance_Crawler_DAG
AIRFLOW_CTX_TASK_ID=CopyFromLocal
AIRFLOW_CTX_EXECUTION_DATE=2022-06-02T10:04:30.999124+00:00
AIRFLOW_CTX_DAG_RUN_ID=manual__2022-06-02T10:04:30.999124+00:00
[2022-06-02 10:04:42,032] {bash.py:135} INFO - Tmp dir root location: 
 /tmp
[2022-06-02 10:04:42,033] {bash.py:158} INFO - Running command: hdfs dfs -put -t 4 /opt/flume/current/output /user/hadoop/flume/ticker_csv
[2022-06-02 10:04:42,048] {bash.py:169} INFO - Output:
[2022-06-02 10:04:45,689] {bash.py:177} INFO - Command exited with return code 0
[2022-06-02 10:04:45,774] {taskinstance.py:1142} INFO - Marking task as SUCCESS. dag_id=YFinance_Crawler_DAG, task_id=CopyFromLocal, execution_date=20220602T100430, start_date=20220602T100441, end_date=20220602T100445
[2022-06-02 10:04:45,876] {taskinstance.py:1195} INFO - 1 downstream tasks scheduled from follow-on schedule check
[2022-06-02 10:04:45,894] {local_task_job.py:118} INFO - Task exited with return code 0
