[2022-06-02 10:04:47,040] {taskinstance.py:826} INFO - Dependencies all met for <TaskInstance: YFinance_Crawler_DAG.ClearOutDIr 2022-06-02T10:04:30.999124+00:00 [queued]>
[2022-06-02 10:04:47,075] {taskinstance.py:826} INFO - Dependencies all met for <TaskInstance: YFinance_Crawler_DAG.ClearOutDIr 2022-06-02T10:04:30.999124+00:00 [queued]>
[2022-06-02 10:04:47,075] {taskinstance.py:1017} INFO - 
--------------------------------------------------------------------------------
[2022-06-02 10:04:47,076] {taskinstance.py:1018} INFO - Starting attempt 1 of 1
[2022-06-02 10:04:47,076] {taskinstance.py:1019} INFO - 
--------------------------------------------------------------------------------
[2022-06-02 10:04:47,099] {taskinstance.py:1038} INFO - Executing <Task(BashOperator): ClearOutDIr> on 2022-06-02T10:04:30.999124+00:00
[2022-06-02 10:04:47,102] {standard_task_runner.py:51} INFO - Started process 3658 to run task
[2022-06-02 10:04:47,108] {standard_task_runner.py:75} INFO - Running: ['airflow', 'tasks', 'run', 'YFinance_Crawler_DAG', 'ClearOutDIr', '2022-06-02T10:04:30.999124+00:00', '--job-id', '135', '--pool', 'default_pool', '--raw', '--subdir', 'DAGS_FOLDER/Crawler.py', '--cfg-path', '/tmp/tmpeo9_0ecy']
[2022-06-02 10:04:47,108] {standard_task_runner.py:76} INFO - Job 135: Subtask ClearOutDIr
[2022-06-02 10:04:47,243] {logging_mixin.py:103} INFO - Running <TaskInstance: YFinance_Crawler_DAG.ClearOutDIr 2022-06-02T10:04:30.999124+00:00 [running]> on host slave03
[2022-06-02 10:04:47,426] {taskinstance.py:1232} INFO - Exporting the following env vars:
AIRFLOW_CTX_DAG_OWNER=airflow
AIRFLOW_CTX_DAG_ID=YFinance_Crawler_DAG
AIRFLOW_CTX_TASK_ID=ClearOutDIr
AIRFLOW_CTX_EXECUTION_DATE=2022-06-02T10:04:30.999124+00:00
AIRFLOW_CTX_DAG_RUN_ID=manual__2022-06-02T10:04:30.999124+00:00
[2022-06-02 10:04:47,426] {bash.py:135} INFO - Tmp dir root location: 
 /tmp
[2022-06-02 10:04:47,427] {bash.py:158} INFO - Running command: rm -f /opt/flume/current/output/*
[2022-06-02 10:04:47,434] {bash.py:169} INFO - Output:
[2022-06-02 10:04:47,437] {bash.py:177} INFO - Command exited with return code 0
[2022-06-02 10:04:47,548] {taskinstance.py:1142} INFO - Marking task as SUCCESS. dag_id=YFinance_Crawler_DAG, task_id=ClearOutDIr, execution_date=20220602T100430, start_date=20220602T100447, end_date=20220602T100447
[2022-06-02 10:04:47,616] {taskinstance.py:1195} INFO - 0 downstream tasks scheduled from follow-on schedule check
[2022-06-02 10:04:47,638] {local_task_job.py:118} INFO - Task exited with return code 0
