[2022-06-01 05:37:27,363] {taskinstance.py:826} INFO - Dependencies all met for <TaskInstance: ClusterStartUp.nnstart02 2022-06-01T05:36:35.261683+00:00 [queued]>
[2022-06-01 05:37:27,405] {taskinstance.py:826} INFO - Dependencies all met for <TaskInstance: ClusterStartUp.nnstart02 2022-06-01T05:36:35.261683+00:00 [queued]>
[2022-06-01 05:37:27,405] {taskinstance.py:1017} INFO - 
--------------------------------------------------------------------------------
[2022-06-01 05:37:27,405] {taskinstance.py:1018} INFO - Starting attempt 1 of 1
[2022-06-01 05:37:27,405] {taskinstance.py:1019} INFO - 
--------------------------------------------------------------------------------
[2022-06-01 05:37:27,429] {taskinstance.py:1038} INFO - Executing <Task(BashOperator): nnstart02> on 2022-06-01T05:36:35.261683+00:00
[2022-06-01 05:37:27,432] {standard_task_runner.py:51} INFO - Started process 384 to run task
[2022-06-01 05:37:27,436] {standard_task_runner.py:75} INFO - Running: ['airflow', 'tasks', 'run', 'ClusterStartUp', 'nnstart02', '2022-06-01T05:36:35.261683+00:00', '--job-id', '80', '--pool', 'default_pool', '--raw', '--subdir', 'DAGS_FOLDER/ClusterStartUp.py', '--cfg-path', '/tmp/tmpjw9gjz65']
[2022-06-01 05:37:27,437] {standard_task_runner.py:76} INFO - Job 80: Subtask nnstart02
[2022-06-01 05:37:27,571] {logging_mixin.py:103} INFO - Running <TaskInstance: ClusterStartUp.nnstart02 2022-06-01T05:36:35.261683+00:00 [running]> on host master02
[2022-06-01 05:37:27,706] {taskinstance.py:1232} INFO - Exporting the following env vars:
AIRFLOW_CTX_DAG_OWNER=airflow
AIRFLOW_CTX_DAG_ID=ClusterStartUp
AIRFLOW_CTX_TASK_ID=nnstart02
AIRFLOW_CTX_EXECUTION_DATE=2022-06-01T05:36:35.261683+00:00
AIRFLOW_CTX_DAG_RUN_ID=manual__2022-06-01T05:36:35.261683+00:00
[2022-06-01 05:37:27,706] {bash.py:135} INFO - Tmp dir root location: 
 /tmp
[2022-06-01 05:37:27,707] {bash.py:158} INFO - Running command: $HADOOP_HOME/bin/hdfs --daemon start namenode
[2022-06-01 05:37:27,713] {bash.py:169} INFO - Output:
[2022-06-01 05:37:29,795] {bash.py:177} INFO - Command exited with return code 0
[2022-06-01 05:37:29,884] {taskinstance.py:1142} INFO - Marking task as SUCCESS. dag_id=ClusterStartUp, task_id=nnstart02, execution_date=20220601T053635, start_date=20220601T053727, end_date=20220601T053729
[2022-06-01 05:37:29,966] {taskinstance.py:1195} INFO - 1 downstream tasks scheduled from follow-on schedule check
[2022-06-01 05:37:29,996] {local_task_job.py:118} INFO - Task exited with return code 0
