[2022-06-01 16:31:49,819] {taskinstance.py:826} INFO - Dependencies all met for <TaskInstance: YFinance_Crawler_DAG.AAPL2files 2022-06-01T16:31:47.187247+00:00 [queued]>
[2022-06-01 16:31:49,873] {taskinstance.py:826} INFO - Dependencies all met for <TaskInstance: YFinance_Crawler_DAG.AAPL2files 2022-06-01T16:31:47.187247+00:00 [queued]>
[2022-06-01 16:31:49,873] {taskinstance.py:1017} INFO - 
--------------------------------------------------------------------------------
[2022-06-01 16:31:49,873] {taskinstance.py:1018} INFO - Starting attempt 1 of 1
[2022-06-01 16:31:49,873] {taskinstance.py:1019} INFO - 
--------------------------------------------------------------------------------
[2022-06-01 16:31:49,898] {taskinstance.py:1038} INFO - Executing <Task(PythonOperator): AAPL2files> on 2022-06-01T16:31:47.187247+00:00
[2022-06-01 16:31:49,903] {standard_task_runner.py:51} INFO - Started process 1598 to run task
[2022-06-01 16:31:49,906] {standard_task_runner.py:75} INFO - Running: ['airflow', 'tasks', 'run', 'YFinance_Crawler_DAG', 'AAPL2files', '2022-06-01T16:31:47.187247+00:00', '--job-id', '110', '--pool', 'default_pool', '--raw', '--subdir', 'DAGS_FOLDER/Crawler.py', '--cfg-path', '/tmp/tmpd_ne7ukz']
[2022-06-01 16:31:49,906] {standard_task_runner.py:76} INFO - Job 110: Subtask AAPL2files
[2022-06-01 16:31:50,063] {logging_mixin.py:103} INFO - Running <TaskInstance: YFinance_Crawler_DAG.AAPL2files 2022-06-01T16:31:47.187247+00:00 [running]> on host slave03
[2022-06-01 16:31:50,184] {taskinstance.py:1232} INFO - Exporting the following env vars:
AIRFLOW_CTX_DAG_OWNER=airflow
AIRFLOW_CTX_DAG_ID=YFinance_Crawler_DAG
AIRFLOW_CTX_TASK_ID=AAPL2files
AIRFLOW_CTX_EXECUTION_DATE=2022-06-01T16:31:47.187247+00:00
AIRFLOW_CTX_DAG_RUN_ID=manual__2022-06-01T16:31:47.187247+00:00
[2022-06-01 16:31:58,078] {python.py:118} INFO - Done. Returned value was: None
[2022-06-01 16:31:58,105] {taskinstance.py:1142} INFO - Marking task as SUCCESS. dag_id=YFinance_Crawler_DAG, task_id=AAPL2files, execution_date=20220601T163147, start_date=20220601T163149, end_date=20220601T163158
[2022-06-01 16:31:58,262] {taskinstance.py:1195} INFO - 0 downstream tasks scheduled from follow-on schedule check
[2022-06-01 16:31:58,315] {local_task_job.py:118} INFO - Task exited with return code 0
