[2022-06-02 10:04:32,469] {taskinstance.py:826} INFO - Dependencies all met for <TaskInstance: YFinance_Crawler_DAG.AAPL2files 2022-06-02T10:04:30.999124+00:00 [queued]>
[2022-06-02 10:04:32,506] {taskinstance.py:826} INFO - Dependencies all met for <TaskInstance: YFinance_Crawler_DAG.AAPL2files 2022-06-02T10:04:30.999124+00:00 [queued]>
[2022-06-02 10:04:32,506] {taskinstance.py:1017} INFO - 
--------------------------------------------------------------------------------
[2022-06-02 10:04:32,506] {taskinstance.py:1018} INFO - Starting attempt 1 of 1
[2022-06-02 10:04:32,506] {taskinstance.py:1019} INFO - 
--------------------------------------------------------------------------------
[2022-06-02 10:04:32,530] {taskinstance.py:1038} INFO - Executing <Task(PythonOperator): AAPL2files> on 2022-06-02T10:04:30.999124+00:00
[2022-06-02 10:04:32,534] {standard_task_runner.py:51} INFO - Started process 3514 to run task
[2022-06-02 10:04:32,538] {standard_task_runner.py:75} INFO - Running: ['airflow', 'tasks', 'run', 'YFinance_Crawler_DAG', 'AAPL2files', '2022-06-02T10:04:30.999124+00:00', '--job-id', '133', '--pool', 'default_pool', '--raw', '--subdir', 'DAGS_FOLDER/Crawler.py', '--cfg-path', '/tmp/tmp5glmup3e']
[2022-06-02 10:04:32,539] {standard_task_runner.py:76} INFO - Job 133: Subtask AAPL2files
[2022-06-02 10:04:32,691] {logging_mixin.py:103} INFO - Running <TaskInstance: YFinance_Crawler_DAG.AAPL2files 2022-06-02T10:04:30.999124+00:00 [running]> on host slave03
[2022-06-02 10:04:32,810] {taskinstance.py:1232} INFO - Exporting the following env vars:
AIRFLOW_CTX_DAG_OWNER=airflow
AIRFLOW_CTX_DAG_ID=YFinance_Crawler_DAG
AIRFLOW_CTX_TASK_ID=AAPL2files
AIRFLOW_CTX_EXECUTION_DATE=2022-06-02T10:04:30.999124+00:00
AIRFLOW_CTX_DAG_RUN_ID=manual__2022-06-02T10:04:30.999124+00:00
[2022-06-02 10:04:40,582] {python.py:118} INFO - Done. Returned value was: None
[2022-06-02 10:04:40,603] {taskinstance.py:1142} INFO - Marking task as SUCCESS. dag_id=YFinance_Crawler_DAG, task_id=AAPL2files, execution_date=20220602T100430, start_date=20220602T100432, end_date=20220602T100440
[2022-06-02 10:04:40,679] {taskinstance.py:1195} INFO - 1 downstream tasks scheduled from follow-on schedule check
[2022-06-02 10:04:40,710] {local_task_job.py:118} INFO - Task exited with return code 0
