[2022-06-01 05:22:00,298] {taskinstance.py:826} INFO - Dependencies all met for <TaskInstance: ClusterStartUp.jnstart01 2022-06-01T04:48:20.509588+00:00 [queued]>
[2022-06-01 05:22:00,351] {taskinstance.py:826} INFO - Dependencies all met for <TaskInstance: ClusterStartUp.jnstart01 2022-06-01T04:48:20.509588+00:00 [queued]>
[2022-06-01 05:22:00,352] {taskinstance.py:1017} INFO - 
--------------------------------------------------------------------------------
[2022-06-01 05:22:00,352] {taskinstance.py:1018} INFO - Starting attempt 1 of 1
[2022-06-01 05:22:00,352] {taskinstance.py:1019} INFO - 
--------------------------------------------------------------------------------
[2022-06-01 05:22:00,383] {taskinstance.py:1038} INFO - Executing <Task(BashOperator): jnstart01> on 2022-06-01T04:48:20.509588+00:00
[2022-06-01 05:22:00,387] {standard_task_runner.py:51} INFO - Started process 176 to run task
[2022-06-01 05:22:00,392] {standard_task_runner.py:75} INFO - Running: ['airflow', 'tasks', 'run', 'ClusterStartUp', 'jnstart01', '2022-06-01T04:48:20.509588+00:00', '--job-id', '55', '--pool', 'default_pool', '--raw', '--subdir', 'DAGS_FOLDER/ClusterStartUp.py', '--cfg-path', '/tmp/tmpcpl1i8eg']
[2022-06-01 05:22:00,392] {standard_task_runner.py:76} INFO - Job 55: Subtask jnstart01
[2022-06-01 05:22:00,605] {logging_mixin.py:103} INFO - Running <TaskInstance: ClusterStartUp.jnstart01 2022-06-01T04:48:20.509588+00:00 [running]> on host master01
[2022-06-01 05:22:00,794] {taskinstance.py:1232} INFO - Exporting the following env vars:
AIRFLOW_CTX_DAG_OWNER=airflow
AIRFLOW_CTX_DAG_ID=ClusterStartUp
AIRFLOW_CTX_TASK_ID=jnstart01
AIRFLOW_CTX_EXECUTION_DATE=2022-06-01T04:48:20.509588+00:00
AIRFLOW_CTX_DAG_RUN_ID=manual__2022-06-01T04:48:20.509588+00:00
[2022-06-01 05:22:00,794] {bash.py:135} INFO - Tmp dir root location: 
 /tmp
[2022-06-01 05:22:00,795] {bash.py:158} INFO - Running command: $HADOOP_HOME/bin/hdfs --daemon start journalnode
[2022-06-01 05:22:00,803] {bash.py:169} INFO - Output:
[2022-06-01 05:22:02,907] {bash.py:177} INFO - Command exited with return code 0
[2022-06-01 05:22:03,038] {taskinstance.py:1142} INFO - Marking task as SUCCESS. dag_id=ClusterStartUp, task_id=jnstart01, execution_date=20220601T044820, start_date=20220601T052200, end_date=20220601T052203
[2022-06-01 05:22:03,153] {taskinstance.py:1195} INFO - 1 downstream tasks scheduled from follow-on schedule check
[2022-06-01 05:22:03,192] {local_task_job.py:118} INFO - Task exited with return code 0
