[2022-06-01 05:29:46,103] {taskinstance.py:826} INFO - Dependencies all met for <TaskInstance: ClusterStartUp.nnstart01 2022-06-01T05:29:13.040634+00:00 [queued]>
[2022-06-01 05:29:46,170] {taskinstance.py:826} INFO - Dependencies all met for <TaskInstance: ClusterStartUp.nnstart01 2022-06-01T05:29:13.040634+00:00 [queued]>
[2022-06-01 05:29:46,170] {taskinstance.py:1017} INFO - 
--------------------------------------------------------------------------------
[2022-06-01 05:29:46,170] {taskinstance.py:1018} INFO - Starting attempt 1 of 1
[2022-06-01 05:29:46,171] {taskinstance.py:1019} INFO - 
--------------------------------------------------------------------------------
[2022-06-01 05:29:46,195] {taskinstance.py:1038} INFO - Executing <Task(BashOperator): nnstart01> on 2022-06-01T05:29:13.040634+00:00
[2022-06-01 05:29:46,198] {standard_task_runner.py:51} INFO - Started process 649 to run task
[2022-06-01 05:29:46,202] {standard_task_runner.py:75} INFO - Running: ['airflow', 'tasks', 'run', 'ClusterStartUp', 'nnstart01', '2022-06-01T05:29:13.040634+00:00', '--job-id', '65', '--pool', 'default_pool', '--raw', '--subdir', 'DAGS_FOLDER/ClusterStartUp.py', '--cfg-path', '/tmp/tmp69dnb8q7']
[2022-06-01 05:29:46,203] {standard_task_runner.py:76} INFO - Job 65: Subtask nnstart01
[2022-06-01 05:29:46,378] {logging_mixin.py:103} INFO - Running <TaskInstance: ClusterStartUp.nnstart01 2022-06-01T05:29:13.040634+00:00 [running]> on host master01
[2022-06-01 05:29:46,536] {taskinstance.py:1232} INFO - Exporting the following env vars:
AIRFLOW_CTX_DAG_OWNER=airflow
AIRFLOW_CTX_DAG_ID=ClusterStartUp
AIRFLOW_CTX_TASK_ID=nnstart01
AIRFLOW_CTX_EXECUTION_DATE=2022-06-01T05:29:13.040634+00:00
AIRFLOW_CTX_DAG_RUN_ID=manual__2022-06-01T05:29:13.040634+00:00
[2022-06-01 05:29:46,536] {bash.py:135} INFO - Tmp dir root location: 
 /tmp
[2022-06-01 05:29:46,537] {bash.py:158} INFO - Running command: $HADOOP_HOME/bin/hdfs --daemon start namenode
[2022-06-01 05:29:46,544] {bash.py:169} INFO - Output:
[2022-06-01 05:29:48,639] {bash.py:177} INFO - Command exited with return code 0
[2022-06-01 05:29:48,751] {taskinstance.py:1142} INFO - Marking task as SUCCESS. dag_id=ClusterStartUp, task_id=nnstart01, execution_date=20220601T052913, start_date=20220601T052946, end_date=20220601T052948
[2022-06-01 05:29:48,852] {taskinstance.py:1195} INFO - 1 downstream tasks scheduled from follow-on schedule check
[2022-06-01 05:29:48,881] {local_task_job.py:118} INFO - Task exited with return code 0
