[2022-06-02 06:51:02,394] {taskinstance.py:826} INFO - Dependencies all met for <TaskInstance: YFinance_Crawler_DAG.AAPL2files 2022-06-02T06:51:00.244106+00:00 [queued]>
[2022-06-02 06:51:02,428] {taskinstance.py:826} INFO - Dependencies all met for <TaskInstance: YFinance_Crawler_DAG.AAPL2files 2022-06-02T06:51:00.244106+00:00 [queued]>
[2022-06-02 06:51:02,428] {taskinstance.py:1017} INFO - 
--------------------------------------------------------------------------------
[2022-06-02 06:51:02,428] {taskinstance.py:1018} INFO - Starting attempt 1 of 1
[2022-06-02 06:51:02,428] {taskinstance.py:1019} INFO - 
--------------------------------------------------------------------------------
[2022-06-02 06:51:02,447] {taskinstance.py:1038} INFO - Executing <Task(PythonOperator): AAPL2files> on 2022-06-02T06:51:00.244106+00:00
[2022-06-02 06:51:02,451] {standard_task_runner.py:51} INFO - Started process 2300 to run task
[2022-06-02 06:51:02,455] {standard_task_runner.py:75} INFO - Running: ['airflow', 'tasks', 'run', 'YFinance_Crawler_DAG', 'AAPL2files', '2022-06-02T06:51:00.244106+00:00', '--job-id', '113', '--pool', 'default_pool', '--raw', '--subdir', 'DAGS_FOLDER/Crawler.py', '--cfg-path', '/tmp/tmpmk43k48n']
[2022-06-02 06:51:02,455] {standard_task_runner.py:76} INFO - Job 113: Subtask AAPL2files
[2022-06-02 06:51:02,569] {logging_mixin.py:103} INFO - Running <TaskInstance: YFinance_Crawler_DAG.AAPL2files 2022-06-02T06:51:00.244106+00:00 [running]> on host slave03
[2022-06-02 06:51:02,677] {taskinstance.py:1232} INFO - Exporting the following env vars:
AIRFLOW_CTX_DAG_OWNER=airflow
AIRFLOW_CTX_DAG_ID=YFinance_Crawler_DAG
AIRFLOW_CTX_TASK_ID=AAPL2files
AIRFLOW_CTX_EXECUTION_DATE=2022-06-02T06:51:00.244106+00:00
AIRFLOW_CTX_DAG_RUN_ID=manual__2022-06-02T06:51:00.244106+00:00
[2022-06-02 06:51:10,675] {python.py:118} INFO - Done. Returned value was: None
[2022-06-02 06:51:10,705] {taskinstance.py:1142} INFO - Marking task as SUCCESS. dag_id=YFinance_Crawler_DAG, task_id=AAPL2files, execution_date=20220602T065100, start_date=20220602T065102, end_date=20220602T065110
[2022-06-02 06:51:10,823] {taskinstance.py:1195} INFO - 1 downstream tasks scheduled from follow-on schedule check
[2022-06-02 06:51:10,842] {local_task_job.py:118} INFO - Task exited with return code 0
