[2022-06-02 09:25:09,780] {taskinstance.py:826} INFO - Dependencies all met for <TaskInstance: YFinance_Crawler_DAG.AAPL2files 2022-06-02T09:25:07.894484+00:00 [queued]>
[2022-06-02 09:25:09,867] {taskinstance.py:826} INFO - Dependencies all met for <TaskInstance: YFinance_Crawler_DAG.AAPL2files 2022-06-02T09:25:07.894484+00:00 [queued]>
[2022-06-02 09:25:09,868] {taskinstance.py:1017} INFO - 
--------------------------------------------------------------------------------
[2022-06-02 09:25:09,868] {taskinstance.py:1018} INFO - Starting attempt 1 of 1
[2022-06-02 09:25:09,868] {taskinstance.py:1019} INFO - 
--------------------------------------------------------------------------------
[2022-06-02 09:25:09,903] {taskinstance.py:1038} INFO - Executing <Task(PythonOperator): AAPL2files> on 2022-06-02T09:25:07.894484+00:00
[2022-06-02 09:25:09,907] {standard_task_runner.py:51} INFO - Started process 2350 to run task
[2022-06-02 09:25:09,912] {standard_task_runner.py:75} INFO - Running: ['airflow', 'tasks', 'run', 'YFinance_Crawler_DAG', 'AAPL2files', '2022-06-02T09:25:07.894484+00:00', '--job-id', '115', '--pool', 'default_pool', '--raw', '--subdir', 'DAGS_FOLDER/Crawler.py', '--cfg-path', '/tmp/tmpoqqqbcj0']
[2022-06-02 09:25:09,912] {standard_task_runner.py:76} INFO - Job 115: Subtask AAPL2files
[2022-06-02 09:25:10,072] {logging_mixin.py:103} INFO - Running <TaskInstance: YFinance_Crawler_DAG.AAPL2files 2022-06-02T09:25:07.894484+00:00 [running]> on host slave03
[2022-06-02 09:25:10,227] {taskinstance.py:1232} INFO - Exporting the following env vars:
AIRFLOW_CTX_DAG_OWNER=airflow
AIRFLOW_CTX_DAG_ID=YFinance_Crawler_DAG
AIRFLOW_CTX_TASK_ID=AAPL2files
AIRFLOW_CTX_EXECUTION_DATE=2022-06-02T09:25:07.894484+00:00
AIRFLOW_CTX_DAG_RUN_ID=manual__2022-06-02T09:25:07.894484+00:00
[2022-06-02 09:25:18,114] {python.py:118} INFO - Done. Returned value was: None
[2022-06-02 09:25:18,139] {taskinstance.py:1142} INFO - Marking task as SUCCESS. dag_id=YFinance_Crawler_DAG, task_id=AAPL2files, execution_date=20220602T092507, start_date=20220602T092509, end_date=20220602T092518
[2022-06-02 09:25:18,381] {taskinstance.py:1195} INFO - 1 downstream tasks scheduled from follow-on schedule check
[2022-06-02 09:25:18,422] {local_task_job.py:118} INFO - Task exited with return code 0
